  [1m[35m (396.3ms)[0m  [1m[35mCREATE DATABASE "gregflix_development" ENCODING = 'unicode'[0m
  [1m[35m (179.5ms)[0m  [1m[35mCREATE DATABASE "gregflix_test" ENCODING = 'unicode'[0m
  [1m[35m (49.3ms)[0m  [1m[35mCREATE TABLE "schema_migrations" ("version" character varying NOT NULL PRIMARY KEY)[0m
  [1m[35m (9.3ms)[0m  [1m[35mCREATE TABLE "ar_internal_metadata" ("key" character varying NOT NULL PRIMARY KEY, "value" character varying, "created_at" timestamp(6) NOT NULL, "updated_at" timestamp(6) NOT NULL)[0m
  [1m[35m (1.3ms)[0m  [1m[34mSELECT pg_try_advisory_lock(7422177206560468485)[0m
  [1m[35m (0.8ms)[0m  [1m[34mSELECT "schema_migrations"."version" FROM "schema_migrations" ORDER BY "schema_migrations"."version" ASC[0m
Migrating to CreateMovies (20200224235409)
  [1m[35m (0.6ms)[0m  [1m[35mBEGIN[0m
  [1m[35m (14.6ms)[0m  [1m[35mCREATE TABLE "movies" ("id" bigserial primary key, "title" character varying NOT NULL, "description" text NOT NULL, "year" integer NOT NULL, "created_at" timestamp(6) NOT NULL, "updated_at" timestamp(6) NOT NULL)[0m
  [1m[36mprimary::SchemaMigration Create (7.5ms)[0m  [1m[32mINSERT INTO "schema_migrations" ("version") VALUES ($1) RETURNING "version"[0m  [["version", "20200224235409"]]
  [1m[35m (0.5ms)[0m  [1m[35mCOMMIT[0m
  [1m[36mActiveRecord::InternalMetadata Load (1.0ms)[0m  [1m[34mSELECT "ar_internal_metadata".* FROM "ar_internal_metadata" WHERE "ar_internal_metadata"."key" = $1 LIMIT $2[0m  [["key", "environment"], ["LIMIT", 1]]
  [1m[35m (0.3ms)[0m  [1m[35mBEGIN[0m
  [1m[36mActiveRecord::InternalMetadata Create (1.4ms)[0m  [1m[32mINSERT INTO "ar_internal_metadata" ("key", "value", "created_at", "updated_at") VALUES ($1, $2, $3, $4) RETURNING "key"[0m  [["key", "environment"], ["value", "development"], ["created_at", "2020-02-24 23:59:34.775487"], ["updated_at", "2020-02-24 23:59:34.775487"]]
  [1m[35m (0.4ms)[0m  [1m[35mCOMMIT[0m
  [1m[35m (0.3ms)[0m  [1m[34mSELECT pg_advisory_unlock(7422177206560468485)[0m
  [1m[35m (1.9ms)[0m  [1m[34mSELECT "schema_migrations"."version" FROM "schema_migrations" ORDER BY "schema_migrations"."version" ASC[0m
Started GET "/" for ::1 at 2020-02-24 19:07:35 -0500
  [1m[35m (2.2ms)[0m  [1m[34mSELECT "schema_migrations"."version" FROM "schema_migrations" ORDER BY "schema_migrations"."version" ASC[0m
Processing by MoviesController#index as HTML
Completed 406 Not Acceptable in 28ms (ActiveRecord: 0.0ms | Allocations: 2611)


  
ActionController::MissingExactTemplate (MoviesController#index is missing a template for request formats: text/html):
  
actionpack (6.0.2.1) lib/action_controller/metal/implicit_render.rb:45:in `default_render'
actionpack (6.0.2.1) lib/action_controller/metal/basic_implicit_render.rb:6:in `block in send_action'
actionpack (6.0.2.1) lib/action_controller/metal/basic_implicit_render.rb:6:in `tap'
actionpack (6.0.2.1) lib/action_controller/metal/basic_implicit_render.rb:6:in `send_action'
actionpack (6.0.2.1) lib/abstract_controller/base.rb:196:in `process_action'
actionpack (6.0.2.1) lib/action_controller/metal/rendering.rb:30:in `process_action'
actionpack (6.0.2.1) lib/abstract_controller/callbacks.rb:42:in `block in process_action'
activesupport (6.0.2.1) lib/active_support/callbacks.rb:135:in `run_callbacks'
actionpack (6.0.2.1) lib/abstract_controller/callbacks.rb:41:in `process_action'
actionpack (6.0.2.1) lib/action_controller/metal/rescue.rb:22:in `process_action'
actionpack (6.0.2.1) lib/action_controller/metal/instrumentation.rb:33:in `block in process_action'
activesupport (6.0.2.1) lib/active_support/notifications.rb:180:in `block in instrument'
activesupport (6.0.2.1) lib/active_support/notifications/instrumenter.rb:24:in `instrument'
activesupport (6.0.2.1) lib/active_support/notifications.rb:180:in `instrument'
actionpack (6.0.2.1) lib/action_controller/metal/instrumentation.rb:32:in `process_action'
actionpack (6.0.2.1) lib/action_controller/metal/params_wrapper.rb:245:in `process_action'
activerecord (6.0.2.1) lib/active_record/railties/controller_runtime.rb:27:in `process_action'
actionpack (6.0.2.1) lib/abstract_controller/base.rb:136:in `process'
actionview (6.0.2.1) lib/action_view/rendering.rb:39:in `process'
actionpack (6.0.2.1) lib/action_controller/metal.rb:191:in `dispatch'
actionpack (6.0.2.1) lib/action_controller/metal.rb:252:in `dispatch'
actionpack (6.0.2.1) lib/action_dispatch/routing/route_set.rb:51:in `dispatch'
actionpack (6.0.2.1) lib/action_dispatch/routing/route_set.rb:33:in `serve'
actionpack (6.0.2.1) lib/action_dispatch/journey/router.rb:49:in `block in serve'
actionpack (6.0.2.1) lib/action_dispatch/journey/router.rb:32:in `each'
actionpack (6.0.2.1) lib/action_dispatch/journey/router.rb:32:in `serve'
actionpack (6.0.2.1) lib/action_dispatch/routing/route_set.rb:837:in `call'
rack (2.2.2) lib/rack/tempfile_reaper.rb:15:in `call'
rack (2.2.2) lib/rack/etag.rb:27:in `call'
rack (2.2.2) lib/rack/conditional_get.rb:27:in `call'
rack (2.2.2) lib/rack/head.rb:12:in `call'
actionpack (6.0.2.1) lib/action_dispatch/http/content_security_policy.rb:18:in `call'
rack (2.2.2) lib/rack/session/abstract/id.rb:266:in `context'
rack (2.2.2) lib/rack/session/abstract/id.rb:260:in `call'
actionpack (6.0.2.1) lib/action_dispatch/middleware/cookies.rb:648:in `call'
activerecord (6.0.2.1) lib/active_record/migration.rb:567:in `call'
actionpack (6.0.2.1) lib/action_dispatch/middleware/callbacks.rb:27:in `block in call'
activesupport (6.0.2.1) lib/active_support/callbacks.rb:101:in `run_callbacks'
actionpack (6.0.2.1) lib/action_dispatch/middleware/callbacks.rb:26:in `call'
actionpack (6.0.2.1) lib/action_dispatch/middleware/executor.rb:14:in `call'
actionpack (6.0.2.1) lib/action_dispatch/middleware/actionable_exceptions.rb:17:in `call'
actionpack (6.0.2.1) lib/action_dispatch/middleware/debug_exceptions.rb:32:in `call'
web-console (4.0.1) lib/web_console/middleware.rb:132:in `call_app'
web-console (4.0.1) lib/web_console/middleware.rb:28:in `block in call'
web-console (4.0.1) lib/web_console/middleware.rb:17:in `catch'
web-console (4.0.1) lib/web_console/middleware.rb:17:in `call'
actionpack (6.0.2.1) lib/action_dispatch/middleware/show_exceptions.rb:33:in `call'
railties (6.0.2.1) lib/rails/rack/logger.rb:38:in `call_app'
railties (6.0.2.1) lib/rails/rack/logger.rb:26:in `block in call'
activesupport (6.0.2.1) lib/active_support/tagged_logging.rb:80:in `block in tagged'
activesupport (6.0.2.1) lib/active_support/tagged_logging.rb:28:in `tagged'
activesupport (6.0.2.1) lib/active_support/tagged_logging.rb:80:in `tagged'
railties (6.0.2.1) lib/rails/rack/logger.rb:26:in `call'
sprockets-rails (3.2.1) lib/sprockets/rails/quiet_assets.rb:13:in `call'
actionpack (6.0.2.1) lib/action_dispatch/middleware/remote_ip.rb:81:in `call'
actionpack (6.0.2.1) lib/action_dispatch/middleware/request_id.rb:27:in `call'
rack (2.2.2) lib/rack/method_override.rb:24:in `call'
rack (2.2.2) lib/rack/runtime.rb:22:in `call'
activesupport (6.0.2.1) lib/active_support/cache/strategy/local_cache_middleware.rb:29:in `call'
actionpack (6.0.2.1) lib/action_dispatch/middleware/executor.rb:14:in `call'
actionpack (6.0.2.1) lib/action_dispatch/middleware/static.rb:126:in `call'
rack (2.2.2) lib/rack/sendfile.rb:110:in `call'
actionpack (6.0.2.1) lib/action_dispatch/middleware/host_authorization.rb:83:in `call'
webpacker (4.2.2) lib/webpacker/dev_server_proxy.rb:23:in `perform_request'
rack-proxy (0.6.5) lib/rack/proxy.rb:57:in `call'
railties (6.0.2.1) lib/rails/engine.rb:526:in `call'
puma (4.3.1) lib/puma/configuration.rb:228:in `call'
puma (4.3.1) lib/puma/server.rb:681:in `handle_request'
puma (4.3.1) lib/puma/server.rb:472:in `process_client'
puma (4.3.1) lib/puma/server.rb:328:in `block in run'
puma (4.3.1) lib/puma/thread_pool.rb:134:in `block in spawn_thread'
Started GET "/" for ::1 at 2020-02-24 19:09:51 -0500
Processing by MoviesController#index as HTML
  Rendering movies/index.html.erb within layouts/application
  Rendered movies/index.html.erb within layouts/application (Duration: 3.2ms | Allocations: 1047)
Completed 500 Internal Server Error in 18ms (ActiveRecord: 0.0ms | Allocations: 2376)


  
ActionView::SyntaxErrorInTemplate (Encountered a syntax error while rendering template: check <% @movies.each do |movie| %>
  <div>
    <h1><%= link_to movie.name, movie_path(movie) %></h1><br />
        <i><%= movie.title %></i><br /><br/>
        <p><%= movie.description %></p><br />
        <p><%= movie.year %></p><br />

     
</div>
):
1:    <% @movies.each do |movie| %>
2:      <div>
3:        <h1><%= link_to movie.name, movie_path(movie) %></h1><br />
4:            <i><%= movie.title %></i><br /><br/>
5:            <p><%= movie.description %></p><br />
6:            <p><%= movie.year %></p><br />
7:    
8:         
9:    </div>
  
app/views/movies/index.html.erb:11: syntax error, unexpected end-of-input, expecting `end'
app/views/movies/index.html.erb:11: syntax error, unexpected end-of-input, expecting `end'
app/views/movies/index.html.erb:11: syntax error, unexpected end-of-input, expecting `end'
app/views/movies/index.html.erb:11: syntax error, unexpected end-of-input, expecting `end'
app/views/movies/index.html.erb:11: syntax error, unexpected end-of-input, expecting `end'
app/views/movies/index.html.erb:11: syntax error, unexpected end-of-input, expecting `end'
Started GET "/" for ::1 at 2020-02-24 19:10:51 -0500
Processing by MoviesController#index as HTML
  Rendering movies/index.html.erb within layouts/application
  [1m[36mMovie Load (3.6ms)[0m  [1m[34mSELECT "movies".* FROM "movies"[0m
  ↳ app/views/movies/index.html.erb:2
  Rendered movies/index.html.erb within layouts/application (Duration: 13.3ms | Allocations: 1265)
[Webpacker] Compiling...
[Webpacker] Compiled all packs in /Users/m/Desktop/gregflix/public/packs
[Webpacker] Hash: 32e57f147dbdcbbf0c82
Version: webpack 4.41.6
Time: 2548ms
Built at: 02/24/2020 7:10:57 PM
                                     Asset       Size       Chunks                         Chunk Names
    js/application-bbe9c4a129ab949e0636.js    124 KiB  application  [emitted] [immutable]  application
js/application-bbe9c4a129ab949e0636.js.map    139 KiB  application  [emitted] [dev]        application
                             manifest.json  364 bytes               [emitted]              
Entrypoint application = js/application-bbe9c4a129ab949e0636.js js/application-bbe9c4a129ab949e0636.js.map
[./app/javascript/channels sync recursive _channel\.js$] ./app/javascript/channels sync _channel\.js$ 160 bytes {application} [built]
[./app/javascript/channels/index.js] 211 bytes {application} [built]
[./app/javascript/packs/application.js] 749 bytes {application} [built]
[./node_modules/webpack/buildin/module.js] (webpack)/buildin/module.js 552 bytes {application} [built]
    + 3 hidden modules

Completed 200 OK in 5743ms (Views: 5733.1ms | ActiveRecord: 7.5ms | Allocations: 19253)


  [1m[35m (0.3ms)[0m  [1m[35mBEGIN[0m
  [1m[36mMovie Create (3.3ms)[0m  [1m[32mINSERT INTO "movies" ("title", "description", "year", "created_at", "updated_at") VALUES ($1, $2, $3, $4, $5) RETURNING "id"[0m  [["title", "Shawshank Redemption"], ["description", "Two imprisoned men bond over a number of years, finding solace and eventual redemption through acts of common decency"], ["year", 1994], ["created_at", "2020-02-25 00:12:21.841403"], ["updated_at", "2020-02-25 00:12:21.841403"]]
  [1m[35m (0.8ms)[0m  [1m[35mCOMMIT[0m
Started GET "/" for ::1 at 2020-02-24 19:12:26 -0500
Processing by MoviesController#index as HTML
  Rendering movies/index.html.erb within layouts/application
  [1m[36mMovie Load (1.8ms)[0m  [1m[34mSELECT "movies".* FROM "movies"[0m
  ↳ app/views/movies/index.html.erb:2
  Rendered movies/index.html.erb within layouts/application (Duration: 78.3ms | Allocations: 6256)
Completed 500 Internal Server Error in 89ms (ActiveRecord: 9.8ms | Allocations: 6878)


  
ActionView::Template::Error (undefined method `name' for #<Movie:0x00007fa62d65b690>):
    1: 
    2: <% @movies.each do |movie| %>
    3:   <div>
    4:     <h1><%= link_to movie.name, movie_path(movie) %></h1><br />
    5:         <i><%= movie.title %></i><br /><br/>
    6:         <p><%= movie.description %></p><br />
    7:         <p><%= movie.year %></p><br />
  
app/views/movies/index.html.erb:4
app/views/movies/index.html.erb:2
Started GET "/" for ::1 at 2020-02-24 19:12:36 -0500
Processing by MoviesController#index as HTML
  Rendering movies/index.html.erb within layouts/application
  [1m[36mMovie Load (0.5ms)[0m  [1m[34mSELECT "movies".* FROM "movies"[0m
  ↳ app/views/movies/index.html.erb:2
  Rendered movies/index.html.erb within layouts/application (Duration: 3.4ms | Allocations: 747)
[Webpacker] Everything's up-to-date. Nothing to do
Completed 200 OK in 77ms (Views: 74.6ms | ActiveRecord: 0.5ms | Allocations: 5631)


  [1m[35m (0.4ms)[0m  [1m[35mBEGIN[0m
  [1m[36mMovie Create (2.0ms)[0m  [1m[32mINSERT INTO "movies" ("title", "description", "year", "created_at", "updated_at") VALUES ($1, $2, $3, $4, $5) RETURNING "id"[0m  [["title", "Space Jam"], ["description", "In a desperate attempt to win a basketball match and earn their freedom, the Looney Tunes seek the aid of retired basketball champion, Michael Jordan."], ["year", 1996], ["created_at", "2020-02-25 00:14:07.090406"], ["updated_at", "2020-02-25 00:14:07.090406"]]
  [1m[35m (0.6ms)[0m  [1m[35mCOMMIT[0m
Started GET "/" for ::1 at 2020-02-24 19:14:12 -0500
Processing by MoviesController#index as HTML
  Rendering movies/index.html.erb within layouts/application
  [1m[36mMovie Load (1.0ms)[0m  [1m[34mSELECT "movies".* FROM "movies"[0m
  ↳ app/views/movies/index.html.erb:2
  Rendered movies/index.html.erb within layouts/application (Duration: 11.0ms | Allocations: 765)
[Webpacker] Everything's up-to-date. Nothing to do
Completed 200 OK in 56ms (Views: 46.2ms | ActiveRecord: 1.0ms | Allocations: 5626)


DEPRECATION WARNING: Using `bin/rake routes` is deprecated and will be removed in Rails 6.1. Use `bin/rails routes` instead.
 (called from load at /Users/m/.rbenv/versions/2.7.0/bin/rake:23)
DEPRECATION WARNING: Using `bin/rake routes` is deprecated and will be removed in Rails 6.1. Use `bin/rails routes` instead.
 (called from load at /Users/m/.rbenv/versions/2.7.0/bin/rake:23)
Started GET "/" for ::1 at 2020-02-24 22:02:32 -0500
Processing by MoviesController#index as HTML
  Rendering movies/index.html.erb within layouts/application
  [1m[36mMovie Load (4.6ms)[0m  [1m[34mSELECT "movies".* FROM "movies"[0m
  ↳ app/views/movies/index.html.erb:2
  Rendered movies/index.html.erb within layouts/application (Duration: 26.2ms | Allocations: 3738)
[Webpacker] Everything's up-to-date. Nothing to do
Completed 200 OK in 55ms (Views: 44.4ms | ActiveRecord: 4.6ms | Allocations: 8988)


Started GET "/movies/2" for ::1 at 2020-02-24 22:02:34 -0500
Processing by MoviesController#show as HTML
  Parameters: {"id"=>"2"}
  Rendering movies/show.html.erb within layouts/application
  Rendered movies/show.html.erb within layouts/application (Duration: 1.4ms | Allocations: 74)
[Webpacker] Everything's up-to-date. Nothing to do
Completed 200 OK in 23ms (Views: 19.1ms | ActiveRecord: 0.0ms | Allocations: 4163)


Started GET "/movies/1" for ::1 at 2020-02-24 22:02:36 -0500
Processing by MoviesController#show as HTML
  Parameters: {"id"=>"1"}
  Rendering movies/show.html.erb within layouts/application
  Rendered movies/show.html.erb within layouts/application (Duration: 0.1ms | Allocations: 4)
[Webpacker] Everything's up-to-date. Nothing to do
Completed 200 OK in 13ms (Views: 11.9ms | ActiveRecord: 0.0ms | Allocations: 3952)


Started GET "/" for ::1 at 2020-02-24 22:02:51 -0500
Processing by MoviesController#index as HTML
  Rendering movies/index.html.erb within layouts/application
  [1m[36mMovie Load (0.6ms)[0m  [1m[34mSELECT "movies".* FROM "movies"[0m
  ↳ app/views/movies/index.html.erb:2
  Rendered movies/index.html.erb within layouts/application (Duration: 4.5ms | Allocations: 827)
[Webpacker] Everything's up-to-date. Nothing to do
Completed 200 OK in 21ms (Views: 18.4ms | ActiveRecord: 0.6ms | Allocations: 5686)


  [1m[35m (0.9ms)[0m  [1m[34mSELECT pg_try_advisory_lock(7422177206560468485)[0m
  [1m[35m (1.2ms)[0m  [1m[34mSELECT "schema_migrations"."version" FROM "schema_migrations" ORDER BY "schema_migrations"."version" ASC[0m
Migrating to AddGenreToMovies (20200225030423)
  [1m[35m (0.4ms)[0m  [1m[34mSELECT pg_advisory_unlock(7422177206560468485)[0m
  [1m[35m (0.3ms)[0m  [1m[34mSELECT pg_try_advisory_lock(7422177206560468485)[0m
  [1m[35m (1.0ms)[0m  [1m[34mSELECT "schema_migrations"."version" FROM "schema_migrations" ORDER BY "schema_migrations"."version" ASC[0m
Migrating to AddGenreToMovies (20200225030423)
  [1m[35m (0.4ms)[0m  [1m[34mSELECT pg_advisory_unlock(7422177206560468485)[0m
  [1m[35m (0.3ms)[0m  [1m[34mSELECT pg_try_advisory_lock(7422177206560468485)[0m
  [1m[35m (1.2ms)[0m  [1m[34mSELECT "schema_migrations"."version" FROM "schema_migrations" ORDER BY "schema_migrations"."version" ASC[0m
Migrating to AddGenreToMovies (20200225030423)
  [1m[35m (0.5ms)[0m  [1m[35mBEGIN[0m
  [1m[35m (13.7ms)[0m  [1m[35mALTER TABLE "movies" ADD "genre" character varying[0m
  [1m[36mprimary::SchemaMigration Create (1.3ms)[0m  [1m[32mINSERT INTO "schema_migrations" ("version") VALUES ($1) RETURNING "version"[0m  [["version", "20200225030423"]]
  [1m[35m (2.0ms)[0m  [1m[35mCOMMIT[0m
  [1m[36mActiveRecord::InternalMetadata Load (2.8ms)[0m  [1m[34mSELECT "ar_internal_metadata".* FROM "ar_internal_metadata" WHERE "ar_internal_metadata"."key" = $1 LIMIT $2[0m  [["key", "environment"], ["LIMIT", 1]]
  [1m[35m (0.5ms)[0m  [1m[34mSELECT pg_advisory_unlock(7422177206560468485)[0m
  [1m[35m (1.3ms)[0m  [1m[34mSELECT "schema_migrations"."version" FROM "schema_migrations" ORDER BY "schema_migrations"."version" ASC[0m
  [1m[36mMovie Load (1.1ms)[0m  [1m[34mSELECT "movies".* FROM "movies" ORDER BY "movies"."id" ASC LIMIT $1[0m  [["LIMIT", 1]]
  [1m[36mMovie Load (3.1ms)[0m  [1m[34mSELECT "movies".* FROM "movies" ORDER BY "movies"."id" ASC LIMIT $1[0m  [["LIMIT", 1]]
  [1m[36mMovie Load (0.9ms)[0m  [1m[34mSELECT "movies".* FROM "movies" ORDER BY "movies"."id" ASC LIMIT $1[0m  [["LIMIT", 1]]
  [1m[36mMovie Load (0.4ms)[0m  [1m[34mSELECT "movies".* FROM "movies" ORDER BY "movies"."id" ASC LIMIT $1[0m  [["LIMIT", 1]]
  [1m[36mMovie Load (0.6ms)[0m  [1m[34mSELECT "movies".* FROM "movies" ORDER BY "movies"."id" ASC LIMIT $1[0m  [["LIMIT", 1]]
  [1m[36mMovie Load (1.5ms)[0m  [1m[34mSELECT "movies".* FROM "movies" ORDER BY "movies"."id" ASC LIMIT $1[0m  [["LIMIT", 1]]
  [1m[36mMovie Destroy (3.3ms)[0m  [1m[31mDELETE FROM "movies"[0m
  [1m[35m (0.6ms)[0m  [1m[35mBEGIN[0m
  [1m[36mMovie Create (4.4ms)[0m  [1m[32mINSERT INTO "movies" ("title", "description", "year", "created_at", "updated_at", "genre") VALUES ($1, $2, $3, $4, $5, $6) RETURNING "id"[0m  [["title", "The Shawshank Redemption"], ["description", "Two imprisoned men bond over a number of years, finding solace and eventual redemption through acts of common decency."], ["year", 1994], ["created_at", "2020-02-25 03:10:22.046028"], ["updated_at", "2020-02-25 03:10:22.046028"], ["genre", "Drama"]]
  [1m[35m (0.5ms)[0m  [1m[35mCOMMIT[0m
  [1m[35m (0.4ms)[0m  [1m[35mBEGIN[0m
  [1m[36mMovie Create (0.5ms)[0m  [1m[32mINSERT INTO "movies" ("title", "description", "year", "created_at", "updated_at", "genre") VALUES ($1, $2, $3, $4, $5, $6) RETURNING "id"[0m  [["title", "Space Jam"], ["description", "In a desperate attempt to win a basketball match and earn their freedom, the Looney Tunes seek the aid of retired basketball champion, Michael Jordan."], ["year", 1996], ["created_at", "2020-02-25 03:11:08.053637"], ["updated_at", "2020-02-25 03:11:08.053637"], ["genre", "Comedy"]]
  [1m[35m (0.4ms)[0m  [1m[35mCOMMIT[0m
Started GET "/" for ::1 at 2020-02-24 22:11:23 -0500
  [1m[35m (2.0ms)[0m  [1m[34mSELECT "schema_migrations"."version" FROM "schema_migrations" ORDER BY "schema_migrations"."version" ASC[0m
Processing by MoviesController#index as HTML
  Rendering movies/index.html.erb within layouts/application
  [1m[36mMovie Load (1.8ms)[0m  [1m[34mSELECT "movies".* FROM "movies"[0m
  ↳ app/views/movies/index.html.erb:2
  Rendered movies/index.html.erb within layouts/application (Duration: 27.4ms | Allocations: 3510)
[Webpacker] Everything's up-to-date. Nothing to do
Completed 200 OK in 76ms (Views: 60.6ms | ActiveRecord: 1.8ms | Allocations: 8001)


